<?xml version="1.0" encoding="UTF-8"?>
<!-- Generated by org.testng.reporters.JUnitReportReporter -->
<testsuite hostname="MSI" failures="0" tests="2" name="com.yatra.qa.TestCase.TestHoliday" time="25.335" errors="0" timestamp="2023-08-06T10:08:15 IST" skipped="0">
  <testcase classname="com.yatra.qa.TestCase.TestHoliday" name="paymentPg" time="5.768"/>
  <system-out/>
  <testcase classname="com.yatra.qa.TestCase.TestHoliday" name="holidayinit" time="19.567"/>
  <system-out/>
</testsuite> <!-- com.yatra.qa.TestCase.TestHoliday -->
