<?xml version="1.0" encoding="UTF-8"?>
<!-- Generated by org.testng.reporters.JUnitReportReporter -->
<testsuite hostname="DESKTOP-2O18T4K" failures="0" tests="2" name="com.yatra.qa.TestCase.TestHoliday" time="68.926" errors="0" timestamp="2023-08-08T22:02:44 IST" skipped="0">
  <testcase classname="com.yatra.qa.TestCase.TestHoliday" name="holidayinit" time="39.823"/>
  <testcase classname="com.yatra.qa.TestCase.TestHoliday" name="paymentPg" time="29.103"/>
</testsuite> <!-- com.yatra.qa.TestCase.TestHoliday -->
