<?xml version="1.0" encoding="UTF-8"?>
<!-- Generated by org.testng.reporters.JUnitReportReporter -->
<testsuite hostname="DESKTOP-2O18T4K" failures="0" tests="3" name="com.yatra.qa.TestCase.TC_01_HotelBooking" time="42.994" errors="0" timestamp="2023-08-09T00:44:19 IST" skipped="0">
  <testcase classname="com.yatra.qa.TestCase.TC_01_HotelBooking" name="hotelBookinTest" time="19.123"/>
  <testcase classname="com.yatra.qa.TestCase.TC_01_HotelBooking" name="roomBooking" time="21.908"/>
  <testcase classname="com.yatra.qa.TestCase.TC_01_HotelBooking" name="paymentGatway" time="1.963"/>
</testsuite> <!-- com.yatra.qa.TestCase.TC_01_HotelBooking -->
