<?xml version="1.0" encoding="UTF-8"?>
<!-- Generated by org.testng.reporters.JUnitReportReporter -->
<testsuite hostname="DESKTOP-S2OOJSI" failures="0" tests="2" name="com.yatra.qa.TestCase.SignUpTest" time="0.105" errors="0" timestamp="2023-07-26T00:20:26 PDT" skipped="0">
  <testcase classname="com.yatra.qa.TestCase.SignUpTest" name="signuppageTitleTest" time="0.017"/>
  <testcase classname="com.yatra.qa.TestCase.SignUpTest" name="yatraLogoImageTest" time="0.088"/>
</testsuite> <!-- com.yatra.qa.TestCase.SignUpTest -->
