<?xml version="1.0" encoding="UTF-8"?>
<!-- Generated by org.testng.reporters.JUnitReportReporter -->
<testsuite hostname="DESKTOP-2O18T4K" failures="0" tests="4" name="com.yatra.qa.TestCase.BusTest" time="43.305" errors="0" timestamp="2023-08-10T21:06:09 IST" skipped="0">
  <testcase classname="com.yatra.qa.TestCase.BusTest" name="bookBusTicket" time="15.343"/>
  <testcase classname="com.yatra.qa.TestCase.BusTest" name="bookBusSeat" time="6.260"/>
  <testcase classname="com.yatra.qa.TestCase.BusTest" name="bookBusSeatPreferences" time="6.201"/>
  <testcase classname="com.yatra.qa.TestCase.BusTest" name="bookPaymentMethod" time="15.501"/>
</testsuite> <!-- com.yatra.qa.TestCase.BusTest -->
