<?xml version="1.0" encoding="UTF-8"?>
<!-- Generated by org.testng.reporters.JUnitReportReporter -->
<testsuite hostname="DESKTOP-S2OOJSI" failures="0" tests="1" name="com.yatra.qa.TestCase.LoginPageTest" time="5.020" errors="0" timestamp="2023-07-26T20:56:51 PDT" skipped="0">
  <testcase classname="com.yatra.qa.TestCase.LoginPageTest" name="loginTest" time="5.020"/>
</testsuite> <!-- com.yatra.qa.TestCase.LoginPageTest -->
