<?xml version="1.0" encoding="UTF-8"?>
<!-- Generated by org.testng.reporters.JUnitReportReporter -->
<testsuite hostname="LAPTOP-OM1LTAVI" failures="0" tests="2" name="com.yatra.qa.TestCase.SignUpTest" time="0.100" errors="0" timestamp="2023-08-05T00:21:49 IST" skipped="0">
  <testcase classname="com.yatra.qa.TestCase.SignUpTest" name="signuppageTitleTest" time="0.017"/>
  <testcase classname="com.yatra.qa.TestCase.SignUpTest" name="yatraLogoImageTest" time="0.083"/>
</testsuite> <!-- com.yatra.qa.TestCase.SignUpTest -->
